0 verbose cli C:\Program Files\nodejs\node.exe C:\Program Files\nodejs\node_modules\npm\bin\npm-cli.js
1 info using npm@11.9.0
2 info using node@v24.14.0
3 silly config load:file:C:\Program Files\nodejs\node_modules\npm\npmrc
4 silly config load:file:C:\Users\User\Desktop\프로젝트 폴더\recipe\.npmrc
5 silly config load:file:C:\Users\User\.npmrc
6 silly config load:file:C:\Users\User\AppData\Roaming\npm\etc\npmrc
7 verbose title npm audit
8 verbose argv "audit" "--omit" "dev" "--cache" ".npm-cache"
9 verbose logfile logs-max:10 dir:C:\Users\User\Desktop\프로젝트 폴더\recipe\.npm-cache\_logs\2026-06-04T03_45_07_743Z-
10 verbose logfile C:\Users\User\Desktop\프로젝트 폴더\recipe\.npm-cache\_logs\2026-06-04T03_45_07_743Z-debug-0.log
11 silly logfile done cleaning log files
12 silly packumentCache heap:4496293888 maxSize:1124073472 maxEntrySize:562036736
13 silly audit bulk request {
13 silly audit   '@auth/core': [ '0.41.2' ],
13 silly audit   '@auth/prisma-adapter': [ '2.11.2' ],
13 silly audit   semver: [ '7.8.1' ],
13 silly audit   '@emnapi/runtime': [ '1.10.0' ],
13 silly audit   '@hookform/resolvers': [ '3.10.0' ],
13 silly audit   '@img/colour': [ '1.1.0' ],
13 silly audit   '@img/sharp-darwin-arm64': [ '0.34.5' ],
13 silly audit   '@img/sharp-darwin-x64': [ '0.34.5' ],
13 silly audit   '@img/sharp-libvips-darwin-arm64': [ '1.2.4' ],
13 silly audit   '@img/sharp-libvips-darwin-x64': [ '1.2.4' ],
13 silly audit   '@img/sharp-libvips-linux-arm': [ '1.2.4' ],
13 silly audit   '@img/sharp-libvips-linux-arm64': [ '1.2.4' ],
13 silly audit   '@img/sharp-libvips-linux-ppc64': [ '1.2.4' ],
13 silly audit   '@img/sharp-libvips-linux-riscv64': [ '1.2.4' ],
13 silly audit   '@img/sharp-libvips-linux-s390x': [ '1.2.4' ],
13 silly audit   '@img/sharp-libvips-linux-x64': [ '1.2.4' ],
13 silly audit   '@img/sharp-libvips-linuxmusl-arm64': [ '1.2.4' ],
13 silly audit   '@img/sharp-libvips-linuxmusl-x64': [ '1.2.4' ],
13 silly audit   '@img/sharp-linux-arm': [ '0.34.5' ],
13 silly audit   '@img/sharp-linux-arm64': [ '0.34.5' ],
13 silly audit   '@img/sharp-linux-ppc64': [ '0.34.5' ],
13 silly audit   '@img/sharp-linux-riscv64': [ '0.34.5' ],
13 silly audit   '@img/sharp-linux-s390x': [ '0.34.5' ],
13 silly audit   '@img/sharp-linux-x64': [ '0.34.5' ],
13 silly audit   '@img/sharp-linuxmusl-arm64': [ '0.34.5' ],
13 silly audit   '@img/sharp-linuxmusl-x64': [ '0.34.5' ],
13 silly audit   '@img/sharp-wasm32': [ '0.34.5' ],
13 silly audit   '@img/sharp-win32-arm64': [ '0.34.5' ],
13 silly audit   '@img/sharp-win32-ia32': [ '0.34.5' ],
13 silly audit   '@img/sharp-win32-x64': [ '0.34.5' ],
13 silly audit   '@next/env': [ '16.2.7' ],
13 silly audit   '@next/swc-darwin-arm64': [ '16.2.7' ],
13 silly audit   '@next/swc-darwin-x64': [ '16.2.7' ],
13 silly audit   '@next/swc-linux-arm64-gnu': [ '16.2.7' ],
13 silly audit   '@next/swc-linux-arm64-musl': [ '16.2.7' ],
13 silly audit   '@next/swc-linux-x64-gnu': [ '16.2.7' ],
13 silly audit   '@next/swc-linux-x64-musl': [ '16.2.7' ],
13 silly audit   '@next/swc-win32-arm64-msvc': [ '16.2.7' ],
13 silly audit   '@next/swc-win32-x64-msvc': [ '16.2.7' ],
13 silly audit   '@panva/hkdf': [ '1.2.1' ],
13 silly audit   '@prisma/client': [ '5.22.0' ],
13 silly audit   '@prisma/debug': [ '5.22.0' ],
13 silly audit   '@prisma/engines': [ '5.22.0' ],
13 silly audit   '@prisma/engines-version': [ '5.22.0-44.605197351a3c8bdd595af2d2a9bc3025bca48ea2' ],
13 silly audit   '@prisma/fetch-engine': [ '5.22.0' ],
13 silly audit   '@prisma/get-platform': [ '5.22.0' ],
13 silly audit   '@swc/helpers': [ '0.5.15' ],
13 silly audit   '@tanstack/query-core': [ '5.101.0' ],
13 silly audit   '@tanstack/react-query': [ '5.101.0' ],
13 silly audit   'baseline-browser-mapping': [ '2.10.33' ],
13 silly audit   'caniuse-lite': [ '1.0.30001793' ],
13 silly audit   'client-only': [ '0.0.1' ],
13 silly audit   'detect-libc': [ '2.1.2' ],
13 silly audit   fsevents: [ '2.3.3' ],
13 silly audit   jose: [ '6.2.3' ],
13 silly audit   'js-tokens': [ '4.0.0' ],
13 silly audit   'loose-envify': [ '1.4.0' ],
13 silly audit   'lucide-react': [ '0.468.0' ],
13 silly audit   nanoid: [ '3.3.12' ],
13 silly audit   next: [ '16.2.7' ],
13 silly audit   'next-auth': [ '5.0.0-beta.31' ],
13 silly audit   postcss: [ '8.4.31' ],
13 silly audit   oauth4webapi: [ '3.8.6' ],
13 silly audit   picocolors: [ '1.1.1' ],
13 silly audit   preact: [ '10.24.3' ],
13 silly audit   'preact-render-to-string': [ '6.5.11' ],
13 silly audit   prisma: [ '5.22.0' ],
13 silly audit   react: [ '18.3.1' ],
13 silly audit   'react-dom': [ '18.3.1' ],
13 silly audit   'react-hook-form': [ '7.77.0' ],
13 silly audit   scheduler: [ '0.23.2' ],
13 silly audit   sharp: [ '0.34.5' ],
13 silly audit   'source-map-js': [ '1.2.1' ],
13 silly audit   'styled-jsx': [ '5.1.6' ],
13 silly audit   tslib: [ '2.8.1' ],
13 silly audit   zod: [ '3.25.76' ]
13 silly audit }
14 http fetch POST 200 https://registry.npmjs.org/-/npm/v1/security/advisories/bulk 238ms
15 silly audit report {
15 silly audit report   postcss: [
15 silly audit report     {
15 silly audit report       id: 1117015,
15 silly audit report       url: 'https://github.com/advisories/GHSA-qx2v-qp2m-jg93',
15 silly audit report       title: 'PostCSS has XSS via Unescaped </style> in its CSS Stringify Output',
15 silly audit report       severity: 'moderate',
15 silly audit report       vulnerable_versions: '<8.5.10',
15 silly audit report       cwe: [Array],
15 silly audit report       cvss: [Object]
15 silly audit report     }
15 silly audit report   ]
15 silly audit report }
16 silly packumentCache corgi:https://registry.npmjs.org/postcss cache-miss
17 http cache https://registry.npmjs.org/postcss 10ms (cache hit)
18 silly packumentCache corgi:https://registry.npmjs.org/postcss set size:344717 disposed:false
19 silly packumentCache corgi:https://registry.npmjs.org/next cache-miss
20 http cache https://registry.npmjs.org/next 34ms (cache hit)
21 silly packumentCache corgi:https://registry.npmjs.org/next set size:25137888 disposed:false
22 silly packumentCache corgi:https://registry.npmjs.org/next-auth cache-miss
23 http cache https://registry.npmjs.org/next-auth 8ms (cache hit)
24 silly packumentCache corgi:https://registry.npmjs.org/next-auth set size:1814253 disposed:false
25 verbose cwd C:\Users\User\Desktop\프로젝트 폴더\recipe
26 verbose os Windows_NT 10.0.26100
27 verbose node v24.14.0
28 verbose npm  v11.9.0
29 verbose exit 1
30 verbose code 1
